<?xml version="1.0" encoding="utf-8"?><testsuites name="pytest tests"><testsuite name="pytest" errors="0" failures="0" skipped="0" tests="84" time="68.350" timestamp="2026-07-26T08:38:05.083467+00:00" hostname="agent-env-7e1f3603-44f4-4cc6-9157-ddf154b04c00"><testcase classname="tests.test_kalun_backend" name="test_unauth_returns_401[/api/company]" time="0.150" /><testcase classname="tests.test_kalun_backend" name="test_unauth_returns_401[/api/briefing]" time="0.041" /><testcase classname="tests.test_kalun_backend" name="test_unauth_returns_401[/api/decisions]" time="0.081" /><testcase classname="tests.test_kalun_backend" name="test_unauth_returns_401[/api/telemetry]" time="0.040" /><testcase classname="tests.test_kalun_backend" name="test_unauth_returns_401[/api/financials]" time="0.046" /><testcase classname="tests.test_kalun_backend" name="test_unauth_returns_401[/api/tasks]" time="0.081" /><testcase classname="tests.test_kalun_backend" name="test_unauth_returns_401[/api/reports]" time="0.081" /><testcase classname="tests.test_kalun_backend" name="test_unauth_returns_401[/api/team]" time="0.041" /><testcase classname="tests.test_kalun_backend" name="test_unauth_returns_401[/api/calendar]" time="0.079" /><testcase classname="tests.test_kalun_backend" name="test_unauth_returns_401[/api/people]" time="0.082" /><testcase classname="tests.test_kalun_backend" name="test_unauth_returns_401[/api/integrations]" time="0.039" /><testcase classname="tests.test_kalun_backend" name="test_unauth_returns_401[/api/ask/history]" time="0.047" /><testcase classname="tests.test_kalun_backend" name="test_unauth_returns_401[/api/billing/plans]" time="0.044" /><testcase classname="tests.test_kalun_backend" name="test_auth_returns_200[/api/company]" time="0.100" /><testcase classname="tests.test_kalun_backend" name="test_auth_returns_200[/api/briefing]" time="0.085" /><testcase classname="tests.test_kalun_backend" name="test_auth_returns_200[/api/decisions]" time="0.048" /><testcase classname="tests.test_kalun_backend" name="test_auth_returns_200[/api/telemetry]" time="0.048" /><testcase classname="tests.test_kalun_backend" name="test_auth_returns_200[/api/financials]" time="0.048" /><testcase classname="tests.test_kalun_backend" name="test_auth_returns_200[/api/tasks]" time="0.048" /><testcase classname="tests.test_kalun_backend" name="test_auth_returns_200[/api/reports]" time="0.048" /><testcase classname="tests.test_kalun_backend" name="test_auth_returns_200[/api/team]" time="0.049" /><testcase classname="tests.test_kalun_backend" name="test_auth_returns_200[/api/calendar]" time="0.048" /><testcase classname="tests.test_kalun_backend" name="test_auth_returns_200[/api/people]" time="0.046" /><testcase classname="tests.test_kalun_backend" name="test_auth_returns_200[/api/integrations]" time="0.046" /><testcase classname="tests.test_kalun_backend" name="test_auth_returns_200[/api/ask/history]" time="0.048" /><testcase classname="tests.test_kalun_backend" name="test_auth_returns_200[/api/billing/plans]" time="0.048" /><testcase classname="tests.test_kalun_backend" name="test_company_shape" time="0.050" /><testcase classname="tests.test_kalun_backend" name="test_briefing_shape" time="0.046" /><testcase classname="tests.test_kalun_backend" name="test_decisions_shape" time="0.047" /><testcase classname="tests.test_kalun_backend" name="test_tasks_shape" time="0.048" /><testcase classname="tests.test_kalun_backend" name="test_integrations_shape" time="0.046" /><testcase classname="tests.test_kalun_backend" name="test_decision_action_updates_status" time="0.143" /><testcase classname="tests.test_kalun_backend" name="test_task_move_persists" time="0.192" /><testcase classname="tests.test_kalun_backend" name="test_free_plan_gates_briefing_generate" time="0.094" /><testcase classname="tests.test_kalun_backend" name="test_free_plan_gates_weekly_pack" time="0.092" /><testcase classname="tests.test_kalun_backend" name="test_free_plan_gates_integration_toggle" time="0.141" /><testcase classname="tests.test_kalun_backend" name="test_ask_kalun_streams" time="1.399" /><testcase classname="tests.test_kalun_backend" name="test_ask_history_returns_messages" time="0.102" /><testcase classname="tests.test_kalun_backend" name="test_checkout_creates_session" time="0.768" /><testcase classname="tests.test_kalun_backend" name="test_demo_reset_plan" time="0.111" /><testcase classname="tests.test_kalun_backend" name="test_pro_plan_enables_gated_endpoints" time="6.245" /><testcase classname="tests.test_kalun_multitenant" name="test_bootstrap_new_user_gets_own_workspace_owner" time="0.212" /><testcase classname="tests.test_kalun_multitenant" name="test_isolation_fresh_user_vs_owner" time="0.312" /><testcase classname="tests.test_kalun_multitenant" name="test_client_cannot_supply_workspace_id" time="0.091" /><testcase classname="tests.test_kalun_multitenant" name="test_owner_and_member_share_workspace" time="0.237" /><testcase classname="tests.test_kalun_multitenant" name="test_invite_existing_user_auto_joins" time="0.100" /><testcase classname="tests.test_kalun_multitenant" name="test_invite_unregistered_email_creates_pending" time="0.203" /><testcase classname="tests.test_kalun_multitenant" name="test_member_forbidden_on_owner_actions[POST-/api/members/invite-body0]" time="0.049" /><testcase classname="tests.test_kalun_multitenant" name="test_member_forbidden_on_owner_actions[POST-/api/payments/checkout-body1]" time="0.050" /><testcase classname="tests.test_kalun_multitenant" name="test_member_forbidden_on_owner_actions[GET-/api/integrations/google/connect-None]" time="0.049" /><testcase classname="tests.test_kalun_multitenant" name="test_member_forbidden_on_owner_actions[POST-/api/briefing/generate-None]" time="0.053" /><testcase classname="tests.test_kalun_multitenant" name="test_member_forbidden_on_owner_actions[POST-/api/reports/weekly-pack-None]" time="0.053" /><testcase classname="tests.test_kalun_multitenant" name="test_member_forbidden_on_owner_actions[POST-/api/demo/reset-plan-None]" time="0.048" /><testcase classname="tests.test_kalun_multitenant" name="test_member_forbidden_on_decision_action" time="0.096" /><testcase classname="tests.test_kalun_multitenant" name="test_member_forbidden_integration_toggle" time="0.095" /><testcase classname="tests.test_kalun_multitenant" name="test_member_reads_ok[/api/company]" time="0.049" /><testcase classname="tests.test_kalun_multitenant" name="test_member_reads_ok[/api/briefing]" time="0.048" /><testcase classname="tests.test_kalun_multitenant" name="test_member_reads_ok[/api/decisions]" time="0.047" /><testcase classname="tests.test_kalun_multitenant" name="test_member_reads_ok[/api/telemetry]" time="0.047" /><testcase classname="tests.test_kalun_multitenant" name="test_member_reads_ok[/api/financials]" time="0.049" /><testcase classname="tests.test_kalun_multitenant" name="test_member_reads_ok[/api/tasks]" time="0.052" /><testcase classname="tests.test_kalun_multitenant" name="test_member_reads_ok[/api/reports]" time="0.046" /><testcase classname="tests.test_kalun_multitenant" name="test_member_reads_ok[/api/team]" time="0.048" /><testcase classname="tests.test_kalun_multitenant" name="test_member_reads_ok[/api/calendar]" time="0.056" /><testcase classname="tests.test_kalun_multitenant" name="test_member_reads_ok[/api/people]" time="0.049" /><testcase classname="tests.test_kalun_multitenant" name="test_member_reads_ok[/api/integrations]" time="0.050" /><testcase classname="tests.test_kalun_multitenant" name="test_member_reads_ok[/api/ask/history]" time="0.048" /><testcase classname="tests.test_kalun_multitenant" name="test_member_reads_ok[/api/billing/plans]" time="0.051" /><testcase classname="tests.test_kalun_multitenant" name="test_member_reads_ok[/api/members]" time="0.049" /><testcase classname="tests.test_kalun_multitenant" name="test_member_reads_ok[/api/workspaces]" time="0.052" /><testcase classname="tests.test_kalun_multitenant" name="test_member_can_move_task" time="0.142" /><testcase classname="tests.test_kalun_multitenant" name="test_member_can_ask" time="0.047" /><testcase classname="tests.test_kalun_multitenant" name="test_integrations_can_manage_flag" time="0.137" /><testcase classname="tests.test_kalun_multitenant" name="test_owner_cannot_change_own_role" time="0.093" /><testcase classname="tests.test_kalun_multitenant" name="test_owner_cannot_remove_self" time="0.096" /><testcase classname="tests.test_kalun_multitenant" name="test_owner_change_member_role_and_delete" time="0.275" /><testcase classname="tests.test_kalun_multitenant" name="test_workspace_list_and_create_and_switch" time="0.233" /><testcase classname="tests.test_kalun_multitenant" name="test_integrations_oauth_configured_false" time="0.051" /><testcase classname="tests.test_kalun_multitenant" name="test_google_connect_degrades_gracefully" time="0.047" /><testcase classname="tests.test_kalun_multitenant" name="test_quickbooks_connect_degrades_gracefully" time="0.046" /><testcase classname="tests.test_kalun_multitenant" name="test_free_plan_gates" time="0.236" /><testcase classname="tests.test_kalun_multitenant" name="test_pro_plan_enables_briefing_and_weekly" time="31.622" /><testcase classname="tests.test_kalun_multitenant" name="test_stripe_checkout_owner" time="0.502" /><testcase classname="tests.test_kalun_multitenant" name="test_ask_history_isolated_per_user" time="21.199" /></testsuite></testsuites>