<?xml version="1.0" encoding="utf-8"?><testsuites name="pytest tests"><testsuite name="pytest" errors="0" failures="1" skipped="0" tests="15" time="4.941" timestamp="2026-07-26T16:57:54.885986+00:00" hostname="agent-env-7e1f3603-44f4-4cc6-9157-ddf154b04c00"><testcase classname="tests.test_financials_onboarding.TestOnboardingEmpty" name="test_fresh_user_company_is_empty" time="0.275" /><testcase classname="tests.test_financials_onboarding.TestOnboardingEmpty" name="test_fresh_user_financials_empty" time="0.132" /><testcase classname="tests.test_financials_onboarding.TestOnboardingEmpty" name="test_fresh_user_other_modules_empty" time="0.315" /><testcase classname="tests.test_financials_onboarding.TestApplyTemplate" name="test_apply_clean_sets_onboarding_done" time="0.347" /><testcase classname="tests.test_financials_onboarding.TestApplyTemplate" name="test_apply_template_member_forbidden" time="0.127" /><testcase classname="tests.test_financials_onboarding.TestApplyTemplate" name="test_owner_sample_already_applied" time="0.125" /><testcase classname="tests.test_financials_onboarding.TestFinEntryCRUD" name="test_create_edit_delete_entry[test_session_kalun_123-owner]" time="0.720" /><testcase classname="tests.test_financials_onboarding.TestFinEntryCRUD" name="test_create_edit_delete_entry[test_session_user2-member]" time="0.701" /><testcase classname="tests.test_financials_onboarding.TestFinEntryCRUD" name="test_invalid_type_400[test_session_kalun_123-owner]" time="0.105" /><testcase classname="tests.test_financials_onboarding.TestFinEntryCRUD" name="test_invalid_type_400[test_session_user2-member]" time="0.103" /><testcase classname="tests.test_financials_onboarding.TestFinancialFlowThrough" name="test_recurring_revenue_flows_into_telemetry_and_briefing" time="0.670" /><testcase classname="tests.test_financials_onboarding.TestFinSettings" name="test_update_settings_recomputes_runway" time="0.346"><failure message="AssertionError: assert '72.0%' == '72%'&#10;  &#10;  - 72%&#10;  + 72.0%&#10;  ?   ++">tests/test_financials_onboarding.py:224: in test_update_settings_recomputes_runway
    assert after["gross_margin"] == "72%"
E   AssertionError: assert '72.0%' == '72%'
E     
E     - 72%
E     + 72.0%
E     ?   ++</failure></testcase><testcase classname="tests.test_financials_onboarding.TestStripeImport" name="test_stripe_import_returns_400_not_500" time="0.283" /><testcase classname="tests.test_financials_onboarding.TestFinancePermissions" name="test_member_can_write_finance" time="0.201" /><testcase classname="tests.test_financials_onboarding.TestFinancePermissions" name="test_fresh_user_apply_sample_then_verify" time="0.320" /></testsuite></testsuites>