<?xml version="1.0" encoding="utf-8"?><testsuites name="pytest tests"><testsuite name="pytest" errors="0" failures="0" skipped="0" tests="99" time="70.548" timestamp="2026-07-26T16:58:15.188239+00:00" hostname="agent-env-7e1f3603-44f4-4cc6-9157-ddf154b04c00"><testcase classname="tests.test_financials_onboarding.TestOnboardingEmpty" name="test_fresh_user_company_is_empty" time="0.139" /><testcase classname="tests.test_financials_onboarding.TestOnboardingEmpty" name="test_fresh_user_financials_empty" time="0.142" /><testcase classname="tests.test_financials_onboarding.TestOnboardingEmpty" name="test_fresh_user_other_modules_empty" time="0.307" /><testcase classname="tests.test_financials_onboarding.TestApplyTemplate" name="test_apply_clean_sets_onboarding_done" time="0.373" /><testcase classname="tests.test_financials_onboarding.TestApplyTemplate" name="test_apply_template_member_forbidden" time="0.114" /><testcase classname="tests.test_financials_onboarding.TestApplyTemplate" name="test_owner_sample_already_applied" time="0.100" /><testcase classname="tests.test_financials_onboarding.TestFinEntryCRUD" name="test_create_edit_delete_entry[test_session_kalun_123-owner]" time="0.636" /><testcase classname="tests.test_financials_onboarding.TestFinEntryCRUD" name="test_create_edit_delete_entry[test_session_user2-member]" time="0.644" /><testcase classname="tests.test_financials_onboarding.TestFinEntryCRUD" name="test_invalid_type_400[test_session_kalun_123-owner]" time="0.098" /><testcase classname="tests.test_financials_onboarding.TestFinEntryCRUD" name="test_invalid_type_400[test_session_user2-member]" time="0.100" /><testcase classname="tests.test_financials_onboarding.TestFinancialFlowThrough" name="test_recurring_revenue_flows_into_telemetry_and_briefing" time="0.639" /><testcase classname="tests.test_financials_onboarding.TestFinSettings" name="test_update_settings_recomputes_runway" time="0.406" /><testcase classname="tests.test_financials_onboarding.TestStripeImport" name="test_stripe_import_returns_400_not_500" time="0.282" /><testcase classname="tests.test_financials_onboarding.TestFinancePermissions" name="test_member_can_write_finance" time="0.212" /><testcase classname="tests.test_financials_onboarding.TestFinancePermissions" name="test_fresh_user_apply_sample_then_verify" time="0.319" /><testcase classname="tests.test_kalun_backend" name="test_unauth_returns_401[/api/company]" time="0.091" /><testcase classname="tests.test_kalun_backend" name="test_unauth_returns_401[/api/briefing]" time="0.042" /><testcase classname="tests.test_kalun_backend" name="test_unauth_returns_401[/api/decisions]" time="0.043" /><testcase classname="tests.test_kalun_backend" name="test_unauth_returns_401[/api/telemetry]" time="0.042" /><testcase classname="tests.test_kalun_backend" name="test_unauth_returns_401[/api/financials]" time="0.048" /><testcase classname="tests.test_kalun_backend" name="test_unauth_returns_401[/api/tasks]" time="0.043" /><testcase classname="tests.test_kalun_backend" name="test_unauth_returns_401[/api/reports]" time="0.049" /><testcase classname="tests.test_kalun_backend" name="test_unauth_returns_401[/api/team]" time="0.041" /><testcase classname="tests.test_kalun_backend" name="test_unauth_returns_401[/api/calendar]" time="0.047" /><testcase classname="tests.test_kalun_backend" name="test_unauth_returns_401[/api/people]" time="0.043" /><testcase classname="tests.test_kalun_backend" name="test_unauth_returns_401[/api/integrations]" time="0.044" /><testcase classname="tests.test_kalun_backend" name="test_unauth_returns_401[/api/ask/history]" time="0.044" /><testcase classname="tests.test_kalun_backend" name="test_unauth_returns_401[/api/billing/plans]" time="0.044" /><testcase classname="tests.test_kalun_backend" name="test_auth_returns_200[/api/company]" time="0.129" /><testcase classname="tests.test_kalun_backend" name="test_auth_returns_200[/api/briefing]" time="0.057" /><testcase classname="tests.test_kalun_backend" name="test_auth_returns_200[/api/decisions]" time="0.051" /><testcase classname="tests.test_kalun_backend" name="test_auth_returns_200[/api/telemetry]" time="0.081" /><testcase classname="tests.test_kalun_backend" name="test_auth_returns_200[/api/financials]" time="0.052" /><testcase classname="tests.test_kalun_backend" name="test_auth_returns_200[/api/tasks]" time="0.050" /><testcase classname="tests.test_kalun_backend" name="test_auth_returns_200[/api/reports]" time="0.052" /><testcase classname="tests.test_kalun_backend" name="test_auth_returns_200[/api/team]" time="0.055" /><testcase classname="tests.test_kalun_backend" name="test_auth_returns_200[/api/calendar]" time="0.055" /><testcase classname="tests.test_kalun_backend" name="test_auth_returns_200[/api/people]" time="0.054" /><testcase classname="tests.test_kalun_backend" name="test_auth_returns_200[/api/integrations]" time="0.056" /><testcase classname="tests.test_kalun_backend" name="test_auth_returns_200[/api/ask/history]" time="0.054" /><testcase classname="tests.test_kalun_backend" name="test_auth_returns_200[/api/billing/plans]" time="0.055" /><testcase classname="tests.test_kalun_backend" name="test_company_shape" time="0.049" /><testcase classname="tests.test_kalun_backend" name="test_briefing_shape" time="0.050" /><testcase classname="tests.test_kalun_backend" name="test_decisions_shape" time="0.055" /><testcase classname="tests.test_kalun_backend" name="test_tasks_shape" time="0.050" /><testcase classname="tests.test_kalun_backend" name="test_integrations_shape" time="0.051" /><testcase classname="tests.test_kalun_backend" name="test_decision_action_updates_status" time="0.150" /><testcase classname="tests.test_kalun_backend" name="test_task_move_persists" time="0.207" /><testcase classname="tests.test_kalun_backend" name="test_free_plan_gates_briefing_generate" time="0.101" /><testcase classname="tests.test_kalun_backend" name="test_free_plan_gates_weekly_pack" time="0.105" /><testcase classname="tests.test_kalun_backend" name="test_free_plan_gates_integration_toggle" time="0.153" /><testcase classname="tests.test_kalun_backend" name="test_ask_kalun_streams" time="1.987" /><testcase classname="tests.test_kalun_backend" name="test_ask_history_returns_messages" time="0.100" /><testcase classname="tests.test_kalun_backend" name="test_checkout_creates_session" time="0.778" /><testcase classname="tests.test_kalun_backend" name="test_demo_reset_plan" time="0.099" /><testcase classname="tests.test_kalun_backend" name="test_pro_plan_enables_gated_endpoints" time="7.476" /><testcase classname="tests.test_kalun_multitenant" name="test_bootstrap_new_user_gets_own_workspace_owner" time="0.198" /><testcase classname="tests.test_kalun_multitenant" name="test_isolation_fresh_user_vs_owner" time="0.241" /><testcase classname="tests.test_kalun_multitenant" name="test_client_cannot_supply_workspace_id" time="0.114" /><testcase classname="tests.test_kalun_multitenant" name="test_owner_and_member_share_workspace" time="0.264" /><testcase classname="tests.test_kalun_multitenant" name="test_invite_existing_user_auto_joins" time="0.104" /><testcase classname="tests.test_kalun_multitenant" name="test_invite_unregistered_email_creates_pending" time="0.185" /><testcase classname="tests.test_kalun_multitenant" name="test_member_forbidden_on_owner_actions[POST-/api/members/invite-body0]" time="0.122" /><testcase classname="tests.test_kalun_multitenant" name="test_member_forbidden_on_owner_actions[POST-/api/payments/checkout-body1]" time="0.054" /><testcase classname="tests.test_kalun_multitenant" name="test_member_forbidden_on_owner_actions[GET-/api/integrations/google/connect-None]" time="0.057" /><testcase classname="tests.test_kalun_multitenant" name="test_member_forbidden_on_owner_actions[POST-/api/briefing/generate-None]" time="0.058" /><testcase classname="tests.test_kalun_multitenant" name="test_member_forbidden_on_owner_actions[POST-/api/reports/weekly-pack-None]" time="0.052" /><testcase classname="tests.test_kalun_multitenant" name="test_member_forbidden_on_owner_actions[POST-/api/demo/reset-plan-None]" time="0.051" /><testcase classname="tests.test_kalun_multitenant" name="test_member_forbidden_on_decision_action" time="0.109" /><testcase classname="tests.test_kalun_multitenant" name="test_member_forbidden_integration_toggle" time="0.109" /><testcase classname="tests.test_kalun_multitenant" name="test_member_reads_ok[/api/company]" time="0.054" /><testcase classname="tests.test_kalun_multitenant" name="test_member_reads_ok[/api/briefing]" time="0.052" /><testcase classname="tests.test_kalun_multitenant" name="test_member_reads_ok[/api/decisions]" time="0.054" /><testcase classname="tests.test_kalun_multitenant" name="test_member_reads_ok[/api/telemetry]" time="0.056" /><testcase classname="tests.test_kalun_multitenant" name="test_member_reads_ok[/api/financials]" time="0.062" /><testcase classname="tests.test_kalun_multitenant" name="test_member_reads_ok[/api/tasks]" time="0.076" /><testcase classname="tests.test_kalun_multitenant" name="test_member_reads_ok[/api/reports]" time="0.057" /><testcase classname="tests.test_kalun_multitenant" name="test_member_reads_ok[/api/team]" time="0.054" /><testcase classname="tests.test_kalun_multitenant" name="test_member_reads_ok[/api/calendar]" time="0.054" /><testcase classname="tests.test_kalun_multitenant" name="test_member_reads_ok[/api/people]" time="0.053" /><testcase classname="tests.test_kalun_multitenant" name="test_member_reads_ok[/api/integrations]" time="0.050" /><testcase classname="tests.test_kalun_multitenant" name="test_member_reads_ok[/api/ask/history]" time="0.051" /><testcase classname="tests.test_kalun_multitenant" name="test_member_reads_ok[/api/billing/plans]" time="0.060" /><testcase classname="tests.test_kalun_multitenant" name="test_member_reads_ok[/api/members]" time="0.054" /><testcase classname="tests.test_kalun_multitenant" name="test_member_reads_ok[/api/workspaces]" time="0.054" /><testcase classname="tests.test_kalun_multitenant" name="test_member_can_move_task" time="0.160" /><testcase classname="tests.test_kalun_multitenant" name="test_member_can_ask" time="0.057" /><testcase classname="tests.test_kalun_multitenant" name="test_integrations_can_manage_flag" time="0.162" /><testcase classname="tests.test_kalun_multitenant" name="test_owner_cannot_change_own_role" time="0.105" /><testcase classname="tests.test_kalun_multitenant" name="test_owner_cannot_remove_self" time="0.306" /><testcase classname="tests.test_kalun_multitenant" name="test_owner_change_member_role_and_delete" time="0.232" /><testcase classname="tests.test_kalun_multitenant" name="test_workspace_list_and_create_and_switch" time="0.308" /><testcase classname="tests.test_kalun_multitenant" name="test_integrations_oauth_configured_false" time="0.048" /><testcase classname="tests.test_kalun_multitenant" name="test_google_connect_degrades_gracefully" time="0.051" /><testcase classname="tests.test_kalun_multitenant" name="test_quickbooks_connect_degrades_gracefully" time="0.046" /><testcase classname="tests.test_kalun_multitenant" name="test_free_plan_gates" time="0.250" /><testcase classname="tests.test_kalun_multitenant" name="test_pro_plan_enables_briefing_and_weekly" time="38.304" /><testcase classname="tests.test_kalun_multitenant" name="test_stripe_checkout_owner" time="0.513" /><testcase classname="tests.test_kalun_multitenant" name="test_ask_history_isolated_per_user" time="9.938" /></testsuite></testsuites>