<?xml version="1.0" encoding="utf-8"?><testsuites name="pytest tests"><testsuite name="pytest" errors="0" failures="8" skipped="0" tests="119" time="64.845" timestamp="2026-07-26T18:25:18.605307+00:00" hostname="agent-env-7e1f3603-44f4-4cc6-9157-ddf154b04c00"><testcase classname="tests.test_financials_onboarding.TestOnboardingEmpty" name="test_fresh_user_company_is_empty" time="0.140" /><testcase classname="tests.test_financials_onboarding.TestOnboardingEmpty" name="test_fresh_user_financials_empty" time="0.094" /><testcase classname="tests.test_financials_onboarding.TestOnboardingEmpty" name="test_fresh_user_other_modules_empty" time="0.291" /><testcase classname="tests.test_financials_onboarding.TestApplyTemplate" name="test_apply_clean_sets_onboarding_done" time="0.361" /><testcase classname="tests.test_financials_onboarding.TestApplyTemplate" name="test_apply_template_member_forbidden" time="0.108" /><testcase classname="tests.test_financials_onboarding.TestApplyTemplate" name="test_owner_sample_already_applied" time="0.104" /><testcase classname="tests.test_financials_onboarding.TestFinEntryCRUD" name="test_create_edit_delete_entry[test_session_kalun_123-owner]" time="0.630" /><testcase classname="tests.test_financials_onboarding.TestFinEntryCRUD" name="test_create_edit_delete_entry[test_session_user2-member]" time="0.116"><failure message="AssertionError: {&quot;detail&quot;:&quot;You do not have permission for this action&quot;}&#10;assert 403 == 200&#10; +  where 403 = &lt;Response [403]&gt;.status_code">E   AssertionError: {"detail":"You do not have permission for this action"}
    assert 403 == 200
     +  where 403 = &lt;Response [403]&gt;.status_code</failure></testcase><testcase classname="tests.test_financials_onboarding.TestFinEntryCRUD" name="test_invalid_type_400[test_session_kalun_123-owner]" time="0.096" /><testcase classname="tests.test_financials_onboarding.TestFinEntryCRUD" name="test_invalid_type_400[test_session_user2-member]" time="0.096"><failure message="assert 403 == 400&#10; +  where 403 = &lt;Response [403]&gt;.status_code">E   assert 403 == 400
     +  where 403 = &lt;Response [403]&gt;.status_code</failure></testcase><testcase classname="tests.test_financials_onboarding.TestFinancialFlowThrough" name="test_recurring_revenue_flows_into_telemetry_and_briefing" time="0.668" /><testcase classname="tests.test_financials_onboarding.TestFinSettings" name="test_update_settings_recomputes_runway" time="0.446" /><testcase classname="tests.test_financials_onboarding.TestStripeImport" name="test_stripe_import_returns_400_not_500" time="0.304" /><testcase classname="tests.test_financials_onboarding.TestFinancePermissions" name="test_member_can_write_finance" time="0.112"><failure message="assert False is True">E   assert False is True</failure></testcase><testcase classname="tests.test_financials_onboarding.TestFinancePermissions" name="test_fresh_user_apply_sample_then_verify" time="0.308" /><testcase classname="tests.test_kalun_backend" name="test_unauth_returns_401[/api/company]" time="0.091" /><testcase classname="tests.test_kalun_backend" name="test_unauth_returns_401[/api/briefing]" time="0.038" /><testcase classname="tests.test_kalun_backend" name="test_unauth_returns_401[/api/decisions]" time="0.044" /><testcase classname="tests.test_kalun_backend" name="test_unauth_returns_401[/api/telemetry]" time="0.041" /><testcase classname="tests.test_kalun_backend" name="test_unauth_returns_401[/api/financials]" time="0.041" /><testcase classname="tests.test_kalun_backend" name="test_unauth_returns_401[/api/tasks]" time="0.046" /><testcase classname="tests.test_kalun_backend" name="test_unauth_returns_401[/api/reports]" time="0.038" /><testcase classname="tests.test_kalun_backend" name="test_unauth_returns_401[/api/team]" time="0.041" /><testcase classname="tests.test_kalun_backend" name="test_unauth_returns_401[/api/calendar]" time="0.044" /><testcase classname="tests.test_kalun_backend" name="test_unauth_returns_401[/api/people]" time="0.043" /><testcase classname="tests.test_kalun_backend" name="test_unauth_returns_401[/api/integrations]" time="0.046" /><testcase classname="tests.test_kalun_backend" name="test_unauth_returns_401[/api/ask/history]" time="0.040" /><testcase classname="tests.test_kalun_backend" name="test_unauth_returns_401[/api/billing/plans]" time="0.041" /><testcase classname="tests.test_kalun_backend" name="test_auth_returns_200[/api/company]" time="0.094" /><testcase classname="tests.test_kalun_backend" name="test_auth_returns_200[/api/briefing]" time="0.050" /><testcase classname="tests.test_kalun_backend" name="test_auth_returns_200[/api/decisions]" time="0.045" /><testcase classname="tests.test_kalun_backend" name="test_auth_returns_200[/api/telemetry]" time="0.050" /><testcase classname="tests.test_kalun_backend" name="test_auth_returns_200[/api/financials]" time="0.050" /><testcase classname="tests.test_kalun_backend" name="test_auth_returns_200[/api/tasks]" time="0.048" /><testcase classname="tests.test_kalun_backend" name="test_auth_returns_200[/api/reports]" time="0.043" /><testcase classname="tests.test_kalun_backend" name="test_auth_returns_200[/api/team]" time="0.044" /><testcase classname="tests.test_kalun_backend" name="test_auth_returns_200[/api/calendar]" time="0.041" /><testcase classname="tests.test_kalun_backend" name="test_auth_returns_200[/api/people]" time="0.083" /><testcase classname="tests.test_kalun_backend" name="test_auth_returns_200[/api/integrations]" time="0.071" /><testcase classname="tests.test_kalun_backend" name="test_auth_returns_200[/api/ask/history]" time="0.046" /><testcase classname="tests.test_kalun_backend" name="test_auth_returns_200[/api/billing/plans]" time="0.043" /><testcase classname="tests.test_kalun_backend" name="test_company_shape" time="0.041" /><testcase classname="tests.test_kalun_backend" name="test_briefing_shape" time="0.044" /><testcase classname="tests.test_kalun_backend" name="test_decisions_shape" time="0.044" /><testcase classname="tests.test_kalun_backend" name="test_tasks_shape" time="0.043" /><testcase classname="tests.test_kalun_backend" name="test_integrations_shape" time="0.044" /><testcase classname="tests.test_kalun_backend" name="test_decision_action_updates_status" time="0.128" /><testcase classname="tests.test_kalun_backend" name="test_task_move_persists" time="0.180" /><testcase classname="tests.test_kalun_backend" name="test_free_plan_gates_briefing_generate" time="0.089" /><testcase classname="tests.test_kalun_backend" name="test_free_plan_gates_weekly_pack" time="0.125" /><testcase classname="tests.test_kalun_backend" name="test_free_plan_gates_integration_toggle" time="0.133" /><testcase classname="tests.test_kalun_backend" name="test_ask_kalun_streams" time="1.544" /><testcase classname="tests.test_kalun_backend" name="test_ask_history_returns_messages" time="0.119" /><testcase classname="tests.test_kalun_backend" name="test_checkout_creates_session" time="0.767" /><testcase classname="tests.test_kalun_backend" name="test_demo_reset_plan" time="0.112" /><testcase classname="tests.test_kalun_backend" name="test_pro_plan_enables_gated_endpoints" time="7.611" /><testcase classname="tests.test_kalun_multitenant" name="test_bootstrap_new_user_gets_own_workspace_owner" time="0.196" /><testcase classname="tests.test_kalun_multitenant" name="test_isolation_fresh_user_vs_owner" time="0.236" /><testcase classname="tests.test_kalun_multitenant" name="test_client_cannot_supply_workspace_id" time="0.100" /><testcase classname="tests.test_kalun_multitenant" name="test_owner_and_member_share_workspace" time="0.237" /><testcase classname="tests.test_kalun_multitenant" name="test_invite_existing_user_auto_joins" time="0.292" /><testcase classname="tests.test_kalun_multitenant" name="test_invite_unregistered_email_creates_pending" time="0.328" /><testcase classname="tests.test_kalun_multitenant" name="test_member_forbidden_on_owner_actions[POST-/api/members/invite-body0]" time="0.046" /><testcase classname="tests.test_kalun_multitenant" name="test_member_forbidden_on_owner_actions[POST-/api/payments/checkout-body1]" time="0.046" /><testcase classname="tests.test_kalun_multitenant" name="test_member_forbidden_on_owner_actions[GET-/api/integrations/google/connect-None]" time="0.047" /><testcase classname="tests.test_kalun_multitenant" name="test_member_forbidden_on_owner_actions[POST-/api/briefing/generate-None]" time="0.047" /><testcase classname="tests.test_kalun_multitenant" name="test_member_forbidden_on_owner_actions[POST-/api/reports/weekly-pack-None]" time="0.055" /><testcase classname="tests.test_kalun_multitenant" name="test_member_forbidden_on_owner_actions[POST-/api/demo/reset-plan-None]" time="0.053" /><testcase classname="tests.test_kalun_multitenant" name="test_member_forbidden_on_decision_action" time="0.097" /><testcase classname="tests.test_kalun_multitenant" name="test_member_forbidden_integration_toggle" time="0.100" /><testcase classname="tests.test_kalun_multitenant" name="test_member_reads_ok[/api/company]" time="0.047" /><testcase classname="tests.test_kalun_multitenant" name="test_member_reads_ok[/api/briefing]" time="0.046" /><testcase classname="tests.test_kalun_multitenant" name="test_member_reads_ok[/api/decisions]" time="0.042" /><testcase classname="tests.test_kalun_multitenant" name="test_member_reads_ok[/api/telemetry]" time="0.045" /><testcase classname="tests.test_kalun_multitenant" name="test_member_reads_ok[/api/financials]" time="0.052" /><testcase classname="tests.test_kalun_multitenant" name="test_member_reads_ok[/api/tasks]" time="0.047" /><testcase classname="tests.test_kalun_multitenant" name="test_member_reads_ok[/api/reports]" time="0.045" /><testcase classname="tests.test_kalun_multitenant" name="test_member_reads_ok[/api/team]" time="0.044" /><testcase classname="tests.test_kalun_multitenant" name="test_member_reads_ok[/api/calendar]" time="0.051" /><testcase classname="tests.test_kalun_multitenant" name="test_member_reads_ok[/api/people]" time="0.050" /><testcase classname="tests.test_kalun_multitenant" name="test_member_reads_ok[/api/integrations]" time="0.047" /><testcase classname="tests.test_kalun_multitenant" name="test_member_reads_ok[/api/ask/history]" time="0.045" /><testcase classname="tests.test_kalun_multitenant" name="test_member_reads_ok[/api/billing/plans]" time="0.046" /><testcase classname="tests.test_kalun_multitenant" name="test_member_reads_ok[/api/members]" time="0.046" /><testcase classname="tests.test_kalun_multitenant" name="test_member_reads_ok[/api/workspaces]" time="0.050" /><testcase classname="tests.test_kalun_multitenant" name="test_member_can_move_task" time="0.138" /><testcase classname="tests.test_kalun_multitenant" name="test_member_can_ask" time="0.047" /><testcase classname="tests.test_kalun_multitenant" name="test_integrations_can_manage_flag" time="0.147" /><testcase classname="tests.test_kalun_multitenant" name="test_owner_cannot_change_own_role" time="0.089"><failure message="assert 422 == 400&#10; +  where 422 = &lt;Response [422]&gt;.status_code">E   assert 422 == 400
     +  where 422 = &lt;Response [422]&gt;.status_code</failure></testcase><testcase classname="tests.test_kalun_multitenant" name="test_owner_cannot_remove_self" time="0.094" /><testcase classname="tests.test_kalun_multitenant" name="test_owner_change_member_role_and_delete" time="0.280"><failure message="assert 422 == 200&#10; +  where 422 = &lt;Response [422]&gt;.status_code">E   assert 422 == 200
     +  where 422 = &lt;Response [422]&gt;.status_code</failure></testcase><testcase classname="tests.test_kalun_multitenant" name="test_workspace_list_and_create_and_switch" time="0.236" /><testcase classname="tests.test_kalun_multitenant" name="test_integrations_oauth_configured_false" time="0.049"><failure message="AssertionError: assert True is False&#10; +  where True = &lt;built-in method get of dict object at 0xfc52a8128840&gt;('configured')&#10; +    where &lt;built-in method get of dict object at 0xfc52a8128840&gt; = {'id': 'gmail', 'name': 'Gmail', 'category': 'Email', 'provider': 'google', ...}.get">E   AssertionError: assert True is False
     +  where True = &lt;built-in method get of dict object at 0xfc52a8128840&gt;('configured')
     +    where &lt;built-in method get of dict object at 0xfc52a8128840&gt; = {'id': 'gmail', 'name': 'Gmail', 'category': 'Email', 'provider': 'google', ...}.get</failure></testcase><testcase classname="tests.test_kalun_multitenant" name="test_google_connect_degrades_gracefully" time="0.050"><failure message="assert (True is False)">E   assert (True is False)</failure></testcase><testcase classname="tests.test_kalun_multitenant" name="test_quickbooks_connect_degrades_gracefully" time="0.048"><failure message="assert (True is False)">E   assert (True is False)</failure></testcase><testcase classname="tests.test_kalun_multitenant" name="test_free_plan_gates" time="0.243" /><testcase classname="tests.test_kalun_multitenant" name="test_pro_plan_enables_briefing_and_weekly" time="33.222" /><testcase classname="tests.test_kalun_multitenant" name="test_stripe_checkout_owner" time="0.573" /><testcase classname="tests.test_kalun_multitenant" name="test_ask_history_isolated_per_user" time="7.624" /><testcase classname="tests.test_packs_activity_people" name="test_auth_me_owner_pack_and_perms" time="0.198" /><testcase classname="tests.test_packs_activity_people" name="test_auth_me_member_pack_and_perms" time="0.104" /><testcase classname="tests.test_packs_activity_people" name="test_member_forbidden_on_finance_and_people_and_invite" time="0.287" /><testcase classname="tests.test_packs_activity_people" name="test_owner_can_write_finance_and_people" time="0.147" /><testcase classname="tests.test_packs_activity_people" name="test_invite_with_pack_and_patch_pack" time="0.433" /><testcase classname="tests.test_packs_activity_people" name="test_financial_settings_activity_and_briefing" time="0.183" /><testcase classname="tests.test_packs_activity_people" name="test_financial_entry_add_and_delete_activity" time="0.179" /><testcase classname="tests.test_packs_activity_people" name="test_people_crud_headcount_sync_and_activity" time="0.577" /><testcase classname="tests.test_packs_activity_people" name="test_people_read_can_write_member_false" time="0.049" /><testcase classname="tests.test_packs_activity_people" name="test_regression_owner_reads[/api/briefing]" time="0.048" /><testcase classname="tests.test_packs_activity_people" name="test_regression_owner_reads[/api/telemetry]" time="0.050" /><testcase classname="tests.test_packs_activity_people" name="test_regression_owner_reads[/api/financials]" time="0.046" /><testcase classname="tests.test_packs_activity_people" name="test_regression_owner_reads[/api/decisions]" time="0.051" /><testcase classname="tests.test_packs_activity_people" name="test_regression_owner_reads[/api/integrations]" time="0.064" /><testcase classname="tests.test_packs_activity_people" name="test_regression_owner_reads[/api/billing/plans]" time="0.045" /><testcase classname="tests.test_packs_activity_people" name="test_regression_owner_decision_action" time="0.133" /><testcase classname="tests.test_packs_activity_people" name="test_regression_member_can_move_task" time="0.141" /><testcase classname="tests.test_packs_activity_people" name="test_regression_apply_template_owner_only" time="0.096" /><testcase classname="tests.test_packs_activity_people" name="test_regression_decisions_can_act_flag" time="0.089" /><testcase classname="tests.test_packs_activity_people" name="test_financials_can_write_flags" time="0.131" /></testsuite></testsuites>