<?xml version="1.0" encoding="utf-8"?><testsuites name="pytest tests"><testsuite name="pytest" errors="0" failures="1" skipped="0" tests="18" time="3.072" timestamp="2026-08-03T06:50:09.954459+00:00" hostname="agent-env-7e1f3603-44f4-4cc6-9157-ddf154b04c00"><testcase classname="tests.test_computed_and_decisions.TestDecisionsCRUD" name="test_list_returns_can_act_owner" time="1.356" /><testcase classname="tests.test_computed_and_decisions.TestDecisionsCRUD" name="test_list_returns_can_act_member_false" time="0.110" /><testcase classname="tests.test_computed_and_decisions.TestDecisionsCRUD" name="test_owner_create_decision_200_and_persists" time="0.181" /><testcase classname="tests.test_computed_and_decisions.TestDecisionsCRUD" name="test_owner_create_empty_title_400" time="0.042" /><testcase classname="tests.test_computed_and_decisions.TestDecisionsCRUD" name="test_owner_patch_and_delete" time="0.251" /><testcase classname="tests.test_computed_and_decisions.TestDecisionsCRUD" name="test_patch_missing_404" time="0.082" /><testcase classname="tests.test_computed_and_decisions.TestDecisionsCRUD" name="test_member_cannot_create_403" time="0.045" /><testcase classname="tests.test_computed_and_decisions.TestDecisionsCRUD" name="test_member_cannot_patch_or_delete_403" time="0.177" /><testcase classname="tests.test_computed_and_decisions.TestDecisionsCRUD" name="test_existing_action_endpoint_still_works" time="0.175"><failure message="AssertionError: assert ([{'id': 'd_932ee292', 'status': 'approve', 'owner': None, 'title': 'TEST_DEC_ACT', ...}] and 'approve' == 'approved'&#10;  &#10;  - approved&#10;  ?        -&#10;  + approve)">backend/tests/test_computed_and_decisions.py:133: in test_existing_action_endpoint_still_works
    assert after and after[0]["status"] == "approved"
E   AssertionError: assert ([{'id': 'd_932ee292', 'status': 'approve', 'owner': None, 'title': 'TEST_DEC_ACT', ...}] and 'approve' == 'approved'
E     
E     - approved
E     ?        -
E     + approve)</failure></testcase><testcase classname="tests.test_computed_and_decisions.TestTelemetryComputed" name="test_owner_kpis_include_computed_labels" time="0.046" /><testcase classname="tests.test_computed_and_decisions.TestTelemetryComputed" name="test_open_tasks_kpi_matches_tasks_data" time="0.087" /><testcase classname="tests.test_computed_and_decisions.TestTelemetryComputed" name="test_headcount_kpi_is_a_number_string" time="0.041" /><testcase classname="tests.test_computed_and_decisions.TestTeamComputed" name="test_team_members_from_active_memberships" time="0.085" /><testcase classname="tests.test_computed_and_decisions.TestReportsComputed" name="test_reports_returns_three_computed_cards" time="0.044" /><testcase classname="tests.test_computed_and_decisions.TestReportsComputed" name="test_weekly_pack_is_pro_gated_403_when_free" time="0.084" /><testcase classname="tests.test_computed_and_decisions.TestOnboardingChecklist" name="test_checklist_returns_four_steps" time="0.044" /><testcase classname="tests.test_computed_and_decisions.TestOnboardingChecklist" name="test_owner_workspace_financials_and_people_done" time="0.083" /><testcase classname="tests.test_computed_and_decisions.TestCalendarLiveFlag" name="test_calendar_returns_live_flag" time="0.043" /></testsuite></testsuites>