<?xml version="1.0" encoding="utf-8"?><testsuites name="pytest tests"><testsuite name="pytest" errors="0" failures="0" skipped="0" tests="20" time="4.453" timestamp="2026-07-26T18:25:09.388308+00:00" hostname="agent-env-7e1f3603-44f4-4cc6-9157-ddf154b04c00"><testcase classname="tests.test_packs_activity_people" name="test_auth_me_owner_pack_and_perms" time="0.305" /><testcase classname="tests.test_packs_activity_people" name="test_auth_me_member_pack_and_perms" time="0.098" /><testcase classname="tests.test_packs_activity_people" name="test_member_forbidden_on_finance_and_people_and_invite" time="0.261" /><testcase classname="tests.test_packs_activity_people" name="test_owner_can_write_finance_and_people" time="0.170" /><testcase classname="tests.test_packs_activity_people" name="test_invite_with_pack_and_patch_pack" time="1.419" /><testcase classname="tests.test_packs_activity_people" name="test_financial_settings_activity_and_briefing" time="0.239" /><testcase classname="tests.test_packs_activity_people" name="test_financial_entry_add_and_delete_activity" time="0.216" /><testcase classname="tests.test_packs_activity_people" name="test_people_crud_headcount_sync_and_activity" time="0.646" /><testcase classname="tests.test_packs_activity_people" name="test_people_read_can_write_member_false" time="0.042" /><testcase classname="tests.test_packs_activity_people" name="test_regression_owner_reads[/api/briefing]" time="0.052" /><testcase classname="tests.test_packs_activity_people" name="test_regression_owner_reads[/api/telemetry]" time="0.057" /><testcase classname="tests.test_packs_activity_people" name="test_regression_owner_reads[/api/financials]" time="0.054" /><testcase classname="tests.test_packs_activity_people" name="test_regression_owner_reads[/api/decisions]" time="0.052" /><testcase classname="tests.test_packs_activity_people" name="test_regression_owner_reads[/api/integrations]" time="0.054" /><testcase classname="tests.test_packs_activity_people" name="test_regression_owner_reads[/api/billing/plans]" time="0.052" /><testcase classname="tests.test_packs_activity_people" name="test_regression_owner_decision_action" time="0.158" /><testcase classname="tests.test_packs_activity_people" name="test_regression_member_can_move_task" time="0.147" /><testcase classname="tests.test_packs_activity_people" name="test_regression_apply_template_owner_only" time="0.094" /><testcase classname="tests.test_packs_activity_people" name="test_regression_decisions_can_act_flag" time="0.098" /><testcase classname="tests.test_packs_activity_people" name="test_financials_can_write_flags" time="0.099" /></testsuite></testsuites>