<?xml version="1.0" encoding="utf-8"?><testsuites name="pytest tests"><testsuite name="pytest" errors="0" failures="0" skipped="0" tests="170" time="86.222" timestamp="2026-08-03T06:50:58.041734+00:00" hostname="agent-env-7e1f3603-44f4-4cc6-9157-ddf154b04c00"><testcase classname="tests.test_computed_and_decisions.TestDecisionsCRUD" name="test_list_returns_can_act_owner" time="0.212" /><testcase classname="tests.test_computed_and_decisions.TestDecisionsCRUD" name="test_list_returns_can_act_member_false" time="0.092" /><testcase classname="tests.test_computed_and_decisions.TestDecisionsCRUD" name="test_owner_create_decision_200_and_persists" time="0.134" /><testcase classname="tests.test_computed_and_decisions.TestDecisionsCRUD" name="test_owner_create_empty_title_400" time="0.129" /><testcase classname="tests.test_computed_and_decisions.TestDecisionsCRUD" name="test_owner_patch_and_delete" time="0.229" /><testcase classname="tests.test_computed_and_decisions.TestDecisionsCRUD" name="test_patch_missing_404" time="0.045" /><testcase classname="tests.test_computed_and_decisions.TestDecisionsCRUD" name="test_member_cannot_create_403" time="0.046" /><testcase classname="tests.test_computed_and_decisions.TestDecisionsCRUD" name="test_member_cannot_patch_or_delete_403" time="0.180" /><testcase classname="tests.test_computed_and_decisions.TestDecisionsCRUD" name="test_existing_action_endpoint_still_works" time="0.180" /><testcase classname="tests.test_computed_and_decisions.TestTelemetryComputed" name="test_owner_kpis_include_computed_labels" time="0.045" /><testcase classname="tests.test_computed_and_decisions.TestTelemetryComputed" name="test_open_tasks_kpi_matches_tasks_data" time="0.093" /><testcase classname="tests.test_computed_and_decisions.TestTelemetryComputed" name="test_headcount_kpi_is_a_number_string" time="0.045" /><testcase classname="tests.test_computed_and_decisions.TestTeamComputed" name="test_team_members_from_active_memberships" time="0.093" /><testcase classname="tests.test_computed_and_decisions.TestReportsComputed" name="test_reports_returns_three_computed_cards" time="0.047" /><testcase classname="tests.test_computed_and_decisions.TestReportsComputed" name="test_weekly_pack_is_pro_gated_403_when_free" time="0.093" /><testcase classname="tests.test_computed_and_decisions.TestOnboardingChecklist" name="test_checklist_returns_four_steps" time="0.045" /><testcase classname="tests.test_computed_and_decisions.TestOnboardingChecklist" name="test_owner_workspace_financials_and_people_done" time="0.048" /><testcase classname="tests.test_computed_and_decisions.TestCalendarLiveFlag" name="test_calendar_returns_live_flag" time="0.044" /><testcase classname="tests.test_financials_onboarding.TestOnboardingEmpty" name="test_fresh_user_company_is_empty" time="0.201" /><testcase classname="tests.test_financials_onboarding.TestOnboardingEmpty" name="test_fresh_user_financials_empty" time="0.091" /><testcase classname="tests.test_financials_onboarding.TestOnboardingEmpty" name="test_fresh_user_other_modules_empty" time="0.286" /><testcase classname="tests.test_financials_onboarding.TestApplyTemplate" name="test_apply_clean_sets_onboarding_done" time="0.293" /><testcase classname="tests.test_financials_onboarding.TestApplyTemplate" name="test_apply_template_member_forbidden" time="0.097" /><testcase classname="tests.test_financials_onboarding.TestApplyTemplate" name="test_owner_sample_already_applied" time="0.096" /><testcase classname="tests.test_financials_onboarding.TestFinEntryCRUD" name="test_create_edit_delete_entry[test_session_kalun_123-owner]" time="0.598" /><testcase classname="tests.test_financials_onboarding.TestFinEntryCRUD" name="test_create_edit_delete_entry[test_session_user2-member]" time="0.098" /><testcase classname="tests.test_financials_onboarding.TestFinEntryCRUD" name="test_invalid_type_400[test_session_kalun_123-owner]" time="0.104" /><testcase classname="tests.test_financials_onboarding.TestFinEntryCRUD" name="test_invalid_type_400[test_session_user2-member]" time="0.095" /><testcase classname="tests.test_financials_onboarding.TestFinancialFlowThrough" name="test_recurring_revenue_flows_into_telemetry_and_briefing" time="0.581" /><testcase classname="tests.test_financials_onboarding.TestFinSettings" name="test_update_settings_recomputes_runway" time="0.397" /><testcase classname="tests.test_financials_onboarding.TestStripeImport" name="test_stripe_import_returns_400_not_500" time="0.177" /><testcase classname="tests.test_financials_onboarding.TestFinancePermissions" name="test_member_cannot_write_finance" time="0.220" /><testcase classname="tests.test_financials_onboarding.TestFinancePermissions" name="test_fresh_user_apply_sample_then_verify" time="0.306" /><testcase classname="tests.test_kalun_backend" name="test_unauth_returns_401[/api/company]" time="0.097" /><testcase classname="tests.test_kalun_backend" name="test_unauth_returns_401[/api/briefing]" time="0.040" /><testcase classname="tests.test_kalun_backend" name="test_unauth_returns_401[/api/decisions]" time="0.041" /><testcase classname="tests.test_kalun_backend" name="test_unauth_returns_401[/api/telemetry]" time="0.041" /><testcase classname="tests.test_kalun_backend" name="test_unauth_returns_401[/api/financials]" time="0.081" /><testcase classname="tests.test_kalun_backend" name="test_unauth_returns_401[/api/tasks]" time="0.041" /><testcase classname="tests.test_kalun_backend" name="test_unauth_returns_401[/api/reports]" time="0.039" /><testcase classname="tests.test_kalun_backend" name="test_unauth_returns_401[/api/team]" time="0.041" /><testcase classname="tests.test_kalun_backend" name="test_unauth_returns_401[/api/calendar]" time="0.039" /><testcase classname="tests.test_kalun_backend" name="test_unauth_returns_401[/api/people]" time="0.081" /><testcase classname="tests.test_kalun_backend" name="test_unauth_returns_401[/api/integrations]" time="0.040" /><testcase classname="tests.test_kalun_backend" name="test_unauth_returns_401[/api/ask/history]" time="0.040" /><testcase classname="tests.test_kalun_backend" name="test_unauth_returns_401[/api/billing/plans]" time="0.039" /><testcase classname="tests.test_kalun_backend" name="test_auth_returns_200[/api/company]" time="0.093" /><testcase classname="tests.test_kalun_backend" name="test_auth_returns_200[/api/briefing]" time="0.044" /><testcase classname="tests.test_kalun_backend" name="test_auth_returns_200[/api/decisions]" time="0.042" /><testcase classname="tests.test_kalun_backend" name="test_auth_returns_200[/api/telemetry]" time="0.043" /><testcase classname="tests.test_kalun_backend" name="test_auth_returns_200[/api/financials]" time="0.046" /><testcase classname="tests.test_kalun_backend" name="test_auth_returns_200[/api/tasks]" time="0.042" /><testcase classname="tests.test_kalun_backend" name="test_auth_returns_200[/api/reports]" time="0.096" /><testcase classname="tests.test_kalun_backend" name="test_auth_returns_200[/api/team]" time="0.043" /><testcase classname="tests.test_kalun_backend" name="test_auth_returns_200[/api/calendar]" time="0.040" /><testcase classname="tests.test_kalun_backend" name="test_auth_returns_200[/api/people]" time="0.083" /><testcase classname="tests.test_kalun_backend" name="test_auth_returns_200[/api/integrations]" time="0.043" /><testcase classname="tests.test_kalun_backend" name="test_auth_returns_200[/api/ask/history]" time="0.042" /><testcase classname="tests.test_kalun_backend" name="test_auth_returns_200[/api/billing/plans]" time="0.042" /><testcase classname="tests.test_kalun_backend" name="test_company_shape" time="0.044" /><testcase classname="tests.test_kalun_backend" name="test_briefing_shape" time="0.043" /><testcase classname="tests.test_kalun_backend" name="test_decisions_shape" time="0.041" /><testcase classname="tests.test_kalun_backend" name="test_tasks_shape" time="0.084" /><testcase classname="tests.test_kalun_backend" name="test_integrations_shape" time="0.042" /><testcase classname="tests.test_kalun_backend" name="test_decision_action_updates_status" time="0.127" /><testcase classname="tests.test_kalun_backend" name="test_task_move_persists" time="0.246" /><testcase classname="tests.test_kalun_backend" name="test_free_plan_gates_briefing_generate" time="0.084" /><testcase classname="tests.test_kalun_backend" name="test_free_plan_gates_weekly_pack" time="0.124" /><testcase classname="tests.test_kalun_backend" name="test_free_plan_gates_integration_toggle" time="0.121" /><testcase classname="tests.test_kalun_backend" name="test_ask_kalun_streams" time="1.836" /><testcase classname="tests.test_kalun_backend" name="test_ask_history_returns_messages" time="0.104" /><testcase classname="tests.test_kalun_backend" name="test_checkout_creates_session" time="0.914" /><testcase classname="tests.test_kalun_backend" name="test_demo_reset_plan" time="0.087" /><testcase classname="tests.test_kalun_backend" name="test_pro_plan_enables_gated_endpoints" time="8.443" /><testcase classname="tests.test_kalun_multitenant" name="test_bootstrap_new_user_gets_own_workspace_owner" time="0.218" /><testcase classname="tests.test_kalun_multitenant" name="test_isolation_fresh_user_vs_owner" time="0.226" /><testcase classname="tests.test_kalun_multitenant" name="test_client_cannot_supply_workspace_id" time="0.090" /><testcase classname="tests.test_kalun_multitenant" name="test_owner_and_member_share_workspace" time="0.263" /><testcase classname="tests.test_kalun_multitenant" name="test_invite_existing_user_auto_joins" time="0.312" /><testcase classname="tests.test_kalun_multitenant" name="test_invite_unregistered_email_creates_pending" time="0.412" /><testcase classname="tests.test_kalun_multitenant" name="test_member_forbidden_on_owner_actions[POST-/api/members/invite-body0]" time="0.045" /><testcase classname="tests.test_kalun_multitenant" name="test_member_forbidden_on_owner_actions[POST-/api/payments/checkout-body1]" time="0.044" /><testcase classname="tests.test_kalun_multitenant" name="test_member_forbidden_on_owner_actions[GET-/api/integrations/google/connect-None]" time="0.045" /><testcase classname="tests.test_kalun_multitenant" name="test_member_forbidden_on_owner_actions[POST-/api/briefing/generate-None]" time="0.044" /><testcase classname="tests.test_kalun_multitenant" name="test_member_forbidden_on_owner_actions[POST-/api/reports/weekly-pack-None]" time="0.043" /><testcase classname="tests.test_kalun_multitenant" name="test_member_forbidden_on_owner_actions[POST-/api/demo/reset-plan-None]" time="0.043" /><testcase classname="tests.test_kalun_multitenant" name="test_member_forbidden_on_decision_action" time="0.089" /><testcase classname="tests.test_kalun_multitenant" name="test_member_forbidden_integration_toggle" time="0.090" /><testcase classname="tests.test_kalun_multitenant" name="test_member_reads_ok[/api/company]" time="0.041" /><testcase classname="tests.test_kalun_multitenant" name="test_member_reads_ok[/api/briefing]" time="0.045" /><testcase classname="tests.test_kalun_multitenant" name="test_member_reads_ok[/api/decisions]" time="0.044" /><testcase classname="tests.test_kalun_multitenant" name="test_member_reads_ok[/api/telemetry]" time="0.044" /><testcase classname="tests.test_kalun_multitenant" name="test_member_reads_ok[/api/financials]" time="0.046" /><testcase classname="tests.test_kalun_multitenant" name="test_member_reads_ok[/api/tasks]" time="0.045" /><testcase classname="tests.test_kalun_multitenant" name="test_member_reads_ok[/api/reports]" time="0.044" /><testcase classname="tests.test_kalun_multitenant" name="test_member_reads_ok[/api/team]" time="0.045" /><testcase classname="tests.test_kalun_multitenant" name="test_member_reads_ok[/api/calendar]" time="0.044" /><testcase classname="tests.test_kalun_multitenant" name="test_member_reads_ok[/api/people]" time="0.045" /><testcase classname="tests.test_kalun_multitenant" name="test_member_reads_ok[/api/integrations]" time="0.043" /><testcase classname="tests.test_kalun_multitenant" name="test_member_reads_ok[/api/ask/history]" time="0.052" /><testcase classname="tests.test_kalun_multitenant" name="test_member_reads_ok[/api/billing/plans]" time="0.044" /><testcase classname="tests.test_kalun_multitenant" name="test_member_reads_ok[/api/members]" time="0.044" /><testcase classname="tests.test_kalun_multitenant" name="test_member_reads_ok[/api/workspaces]" time="0.044" /><testcase classname="tests.test_kalun_multitenant" name="test_member_can_move_task" time="0.175" /><testcase classname="tests.test_kalun_multitenant" name="test_member_can_ask" time="0.047" /><testcase classname="tests.test_kalun_multitenant" name="test_integrations_can_manage_flag" time="0.142" /><testcase classname="tests.test_kalun_multitenant" name="test_owner_cannot_change_own_role" time="0.125" /><testcase classname="tests.test_kalun_multitenant" name="test_owner_cannot_remove_self" time="0.126" /><testcase classname="tests.test_kalun_multitenant" name="test_owner_change_member_role_and_delete" time="0.364" /><testcase classname="tests.test_kalun_multitenant" name="test_workspace_list_and_create_and_switch" time="0.262" /><testcase classname="tests.test_kalun_multitenant" name="test_integrations_oauth_present" time="0.044" /><testcase classname="tests.test_kalun_multitenant" name="test_google_connect_returns_expected_shape" time="0.044" /><testcase classname="tests.test_kalun_multitenant" name="test_quickbooks_connect_returns_expected_shape" time="0.083" /><testcase classname="tests.test_kalun_multitenant" name="test_free_plan_gates" time="0.520" /><testcase classname="tests.test_kalun_multitenant" name="test_pro_plan_enables_briefing_and_weekly" time="44.768" /><testcase classname="tests.test_kalun_multitenant" name="test_stripe_checkout_owner" time="0.452" /><testcase classname="tests.test_kalun_multitenant" name="test_ask_history_isolated_per_user" time="7.353" /><testcase classname="tests.test_packs_activity_people" name="test_auth_me_owner_pack_and_perms" time="0.208" /><testcase classname="tests.test_packs_activity_people" name="test_auth_me_member_pack_and_perms" time="0.101" /><testcase classname="tests.test_packs_activity_people" name="test_member_forbidden_on_finance_and_people_and_invite" time="0.333" /><testcase classname="tests.test_packs_activity_people" name="test_owner_can_write_finance_and_people" time="0.161" /><testcase classname="tests.test_packs_activity_people" name="test_invite_with_pack_and_patch_pack" time="0.446" /><testcase classname="tests.test_packs_activity_people" name="test_financial_settings_activity_and_briefing" time="0.259" /><testcase classname="tests.test_packs_activity_people" name="test_financial_entry_add_and_delete_activity" time="0.202" /><testcase classname="tests.test_packs_activity_people" name="test_people_crud_headcount_sync_and_activity" time="0.698" /><testcase classname="tests.test_packs_activity_people" name="test_people_read_can_write_member_false" time="0.041" /><testcase classname="tests.test_packs_activity_people" name="test_regression_owner_reads[/api/briefing]" time="0.051" /><testcase classname="tests.test_packs_activity_people" name="test_regression_owner_reads[/api/telemetry]" time="0.050" /><testcase classname="tests.test_packs_activity_people" name="test_regression_owner_reads[/api/financials]" time="0.056" /><testcase classname="tests.test_packs_activity_people" name="test_regression_owner_reads[/api/decisions]" time="0.050" /><testcase classname="tests.test_packs_activity_people" name="test_regression_owner_reads[/api/integrations]" time="0.054" /><testcase classname="tests.test_packs_activity_people" name="test_regression_owner_reads[/api/billing/plans]" time="0.051" /><testcase classname="tests.test_packs_activity_people" name="test_regression_owner_decision_action" time="0.156" /><testcase classname="tests.test_packs_activity_people" name="test_regression_member_can_move_task" time="0.146" /><testcase classname="tests.test_packs_activity_people" name="test_regression_apply_template_owner_only" time="0.097" /><testcase classname="tests.test_packs_activity_people" name="test_regression_decisions_can_act_flag" time="0.092" /><testcase classname="tests.test_packs_activity_people" name="test_financials_can_write_flags" time="0.097" /><testcase classname="tests.test_paddle_billing" name="test_secret_present" time="0.000" /><testcase classname="tests.test_paddle_billing" name="test_billing_plans_paddle_ready" time="0.106" /><testcase classname="tests.test_paddle_billing" name="test_config_requires_billing_manage" time="0.094" /><testcase classname="tests.test_paddle_billing" name="test_config_returns_token_and_nonce" time="0.111" /><testcase classname="tests.test_paddle_billing" name="test_webhook_bad_signature_400" time="0.002" /><testcase classname="tests.test_paddle_billing" name="test_webhook_provisions_pro_and_is_idempotent" time="0.303" /><testcase classname="tests.test_paddle_billing" name="test_webhook_nonce_binding_blocks_cross_workspace" time="0.207" /><testcase classname="tests.test_updates_myday_join_exec" name="test_member_default_route_me" time="0.096" /><testcase classname="tests.test_updates_myday_join_exec" name="test_exec_default_route_and_perms" time="0.099" /><testcase classname="tests.test_updates_myday_join_exec" name="test_daily_update_empty_400" time="0.044" /><testcase classname="tests.test_updates_myday_join_exec" name="test_daily_update_create_then_edit_single_per_day" time="0.133" /><testcase classname="tests.test_updates_myday_join_exec" name="test_updates_today_visible_to_owner" time="0.097" /><testcase classname="tests.test_updates_myday_join_exec" name="test_briefing_team_updates_and_what_changed" time="0.089" /><testcase classname="tests.test_updates_myday_join_exec" name="test_tasks_meta_fields" time="0.085" /><testcase classname="tests.test_updates_myday_join_exec" name="test_member_creates_self_task_and_appears_in_me" time="0.128" /><testcase classname="tests.test_updates_myday_join_exec" name="test_member_cannot_assign_to_other" time="0.043" /><testcase classname="tests.test_updates_myday_join_exec" name="test_move_own_task_to_done_sets_progress" time="0.174" /><testcase classname="tests.test_updates_myday_join_exec" name="test_member_cannot_move_other_owned_task" time="0.167" /><testcase classname="tests.test_updates_myday_join_exec" name="test_member_can_move_legacy_task_no_assignee" time="0.130" /><testcase classname="tests.test_updates_myday_join_exec" name="test_owner_can_assign_to_workspace_member" time="0.087" /><testcase classname="tests.test_updates_myday_join_exec" name="test_workspaces_join_info_valid" time="0.084" /><testcase classname="tests.test_updates_myday_join_exec" name="test_workspaces_join_info_invalid" time="0.040" /><testcase classname="tests.test_updates_myday_join_exec" name="test_member_forbidden_join_code" time="0.043" /><testcase classname="tests.test_updates_myday_join_exec" name="test_owner_gets_join_code" time="0.044" /><testcase classname="tests.test_updates_myday_join_exec" name="test_exec_can_get_join_code" time="0.168" /><testcase classname="tests.test_updates_myday_join_exec" name="test_needs_workspace_new_user" time="0.253" /><testcase classname="tests.test_updates_myday_join_exec" name="test_join_by_code_flow" time="0.517" /><testcase classname="tests.test_updates_myday_join_exec" name="test_owner_can_invite_owner_pack" time="0.227" /><testcase classname="tests.test_updates_myday_join_exec" name="test_exec_cannot_invite_owner_pack" time="0.042" /><testcase classname="tests.test_updates_myday_join_exec" name="test_exec_can_invite_finance_and_member" time="0.415" /><testcase classname="tests.test_updates_myday_join_exec" name="test_invalid_pack_400" time="0.042" /><testcase classname="tests.test_updates_myday_join_exec" name="test_exec_patch_nonowner_to_nonowner" time="2.279" /><testcase classname="tests.test_updates_myday_join_exec" name="test_members_list_shape" time="0.051" /></testsuite></testsuites>