<?xml version="1.0" encoding="utf-8"?><testsuites name="pytest tests"><testsuite name="pytest" errors="0" failures="0" skipped="0" tests="26" time="3.730" timestamp="2026-07-26T18:46:22.020017+00:00" hostname="agent-env-7e1f3603-44f4-4cc6-9157-ddf154b04c00"><testcase classname="tests.test_updates_myday_join_exec" name="test_member_default_route_me" time="0.304" /><testcase classname="tests.test_updates_myday_join_exec" name="test_exec_default_route_and_perms" time="0.106" /><testcase classname="tests.test_updates_myday_join_exec" name="test_daily_update_empty_400" time="0.048" /><testcase classname="tests.test_updates_myday_join_exec" name="test_daily_update_create_then_edit_single_per_day" time="0.187" /><testcase classname="tests.test_updates_myday_join_exec" name="test_updates_today_visible_to_owner" time="0.110" /><testcase classname="tests.test_updates_myday_join_exec" name="test_briefing_team_updates_and_what_changed" time="0.105" /><testcase classname="tests.test_updates_myday_join_exec" name="test_tasks_meta_fields" time="0.103" /><testcase classname="tests.test_updates_myday_join_exec" name="test_member_creates_self_task_and_appears_in_me" time="0.092" /><testcase classname="tests.test_updates_myday_join_exec" name="test_member_cannot_assign_to_other" time="0.052" /><testcase classname="tests.test_updates_myday_join_exec" name="test_move_own_task_to_done_sets_progress" time="0.139" /><testcase classname="tests.test_updates_myday_join_exec" name="test_member_cannot_move_other_owned_task" time="0.100" /><testcase classname="tests.test_updates_myday_join_exec" name="test_member_can_move_legacy_task_no_assignee" time="0.140" /><testcase classname="tests.test_updates_myday_join_exec" name="test_owner_can_assign_to_workspace_member" time="0.113" /><testcase classname="tests.test_updates_myday_join_exec" name="test_workspaces_join_info_valid" time="0.050" /><testcase classname="tests.test_updates_myday_join_exec" name="test_workspaces_join_info_invalid" time="0.055" /><testcase classname="tests.test_updates_myday_join_exec" name="test_member_forbidden_join_code" time="0.044" /><testcase classname="tests.test_updates_myday_join_exec" name="test_owner_gets_join_code" time="0.048" /><testcase classname="tests.test_updates_myday_join_exec" name="test_exec_can_get_join_code" time="0.050" /><testcase classname="tests.test_updates_myday_join_exec" name="test_needs_workspace_new_user" time="0.197" /><testcase classname="tests.test_updates_myday_join_exec" name="test_join_by_code_flow" time="0.197" /><testcase classname="tests.test_updates_myday_join_exec" name="test_owner_can_invite_owner_pack" time="0.270" /><testcase classname="tests.test_updates_myday_join_exec" name="test_exec_cannot_invite_owner_pack" time="0.043" /><testcase classname="tests.test_updates_myday_join_exec" name="test_exec_can_invite_finance_and_member" time="0.422" /><testcase classname="tests.test_updates_myday_join_exec" name="test_invalid_pack_400" time="0.059" /><testcase classname="tests.test_updates_myday_join_exec" name="test_exec_patch_nonowner_to_nonowner" time="0.488" /><testcase classname="tests.test_updates_myday_join_exec" name="test_members_list_shape" time="0.055" /></testsuite></testsuites>