<?xml version="1.0" encoding="utf-8"?><testsuites name="pytest tests"><testsuite name="pytest" errors="0" failures="1" skipped="0" tests="41" time="13.357" timestamp="2026-07-25T10:09:54.890250+00:00" hostname="agent-env-7e1f3603-44f4-4cc6-9157-ddf154b04c00"><testcase classname="tests.test_kalun_backend" name="test_unauth_returns_401[/api/company]" time="0.259" /><testcase classname="tests.test_kalun_backend" name="test_unauth_returns_401[/api/briefing]" time="0.081" /><testcase classname="tests.test_kalun_backend" name="test_unauth_returns_401[/api/decisions]" time="0.080" /><testcase classname="tests.test_kalun_backend" name="test_unauth_returns_401[/api/telemetry]" time="0.041" /><testcase classname="tests.test_kalun_backend" name="test_unauth_returns_401[/api/financials]" time="0.038" /><testcase classname="tests.test_kalun_backend" name="test_unauth_returns_401[/api/tasks]" time="0.039" /><testcase classname="tests.test_kalun_backend" name="test_unauth_returns_401[/api/reports]" time="0.083" /><testcase classname="tests.test_kalun_backend" name="test_unauth_returns_401[/api/team]" time="0.038" /><testcase classname="tests.test_kalun_backend" name="test_unauth_returns_401[/api/calendar]" time="0.038" /><testcase classname="tests.test_kalun_backend" name="test_unauth_returns_401[/api/people]" time="0.038" /><testcase classname="tests.test_kalun_backend" name="test_unauth_returns_401[/api/integrations]" time="0.078" /><testcase classname="tests.test_kalun_backend" name="test_unauth_returns_401[/api/ask/history]" time="0.038" /><testcase classname="tests.test_kalun_backend" name="test_unauth_returns_401[/api/billing/plans]" time="0.038" /><testcase classname="tests.test_kalun_backend" name="test_auth_returns_200[/api/company]" time="0.098" /><testcase classname="tests.test_kalun_backend" name="test_auth_returns_200[/api/briefing]" time="0.042" /><testcase classname="tests.test_kalun_backend" name="test_auth_returns_200[/api/decisions]" time="0.041" /><testcase classname="tests.test_kalun_backend" name="test_auth_returns_200[/api/telemetry]" time="0.045" /><testcase classname="tests.test_kalun_backend" name="test_auth_returns_200[/api/financials]" time="0.044" /><testcase classname="tests.test_kalun_backend" name="test_auth_returns_200[/api/tasks]" time="0.041" /><testcase classname="tests.test_kalun_backend" name="test_auth_returns_200[/api/reports]" time="0.081" /><testcase classname="tests.test_kalun_backend" name="test_auth_returns_200[/api/team]" time="0.082" /><testcase classname="tests.test_kalun_backend" name="test_auth_returns_200[/api/calendar]" time="0.082" /><testcase classname="tests.test_kalun_backend" name="test_auth_returns_200[/api/people]" time="0.041" /><testcase classname="tests.test_kalun_backend" name="test_auth_returns_200[/api/integrations]" time="0.042" /><testcase classname="tests.test_kalun_backend" name="test_auth_returns_200[/api/ask/history]" time="0.041" /><testcase classname="tests.test_kalun_backend" name="test_auth_returns_200[/api/billing/plans]" time="0.082" /><testcase classname="tests.test_kalun_backend" name="test_company_shape" time="0.081" /><testcase classname="tests.test_kalun_backend" name="test_briefing_shape" time="0.043"><failure message="AssertionError: missing delegate: keys=['date', 'greeting', 'headline', 'ai_summary', 'metrics', 'what_changed', 'what_to_decide', 'what_to_delegate', 'is_pro']&#10;assert 'delegate' in {'date': 'Monday', 'greeting': 'Good morning', 'headline': 'Revenue is ahead of plan, but capacity risk is rising on engineering.', 'ai_summary': None, ...}">backend/tests/test_kalun_backend.py:57: in test_briefing_shape
    assert k in d, f"missing {k}: keys={list(d.keys())}"
E   AssertionError: missing delegate: keys=['date', 'greeting', 'headline', 'ai_summary', 'metrics', 'what_changed', 'what_to_decide', 'what_to_delegate', 'is_pro']
E   assert 'delegate' in {'date': 'Monday', 'greeting': 'Good morning', 'headline': 'Revenue is ahead of plan, but capacity risk is rising on engineering.', 'ai_summary': None, ...}</failure></testcase><testcase classname="tests.test_kalun_backend" name="test_decisions_shape" time="0.041" /><testcase classname="tests.test_kalun_backend" name="test_tasks_shape" time="0.042" /><testcase classname="tests.test_kalun_backend" name="test_integrations_shape" time="0.041" /><testcase classname="tests.test_kalun_backend" name="test_decision_action_updates_status" time="0.126" /><testcase classname="tests.test_kalun_backend" name="test_task_move_persists" time="0.284" /><testcase classname="tests.test_kalun_backend" name="test_free_plan_gates_briefing_generate" time="0.123" /><testcase classname="tests.test_kalun_backend" name="test_free_plan_gates_weekly_pack" time="0.123" /><testcase classname="tests.test_kalun_backend" name="test_free_plan_gates_integration_toggle" time="0.124" /><testcase classname="tests.test_kalun_backend" name="test_ask_kalun_streams" time="2.498" /><testcase classname="tests.test_kalun_backend" name="test_ask_history_returns_messages" time="0.144" /><testcase classname="tests.test_kalun_backend" name="test_checkout_creates_session" time="0.850" /><testcase classname="tests.test_kalun_backend" name="test_demo_reset_plan" time="0.094" /><testcase classname="tests.test_kalun_backend" name="test_pro_plan_enables_gated_endpoints" time="6.524" /></testsuite></testsuites>