<?xml version="1.0" encoding="utf-8"?><testsuites name="pytest tests"><testsuite name="pytest" errors="0" failures="0" skipped="0" tests="43" time="42.453" timestamp="2026-07-26T08:33:20.462046+00:00" hostname="agent-env-7e1f3603-44f4-4cc6-9157-ddf154b04c00"><testcase classname="tests.test_kalun_multitenant" name="test_bootstrap_new_user_gets_own_workspace_owner" time="1.684" /><testcase classname="tests.test_kalun_multitenant" name="test_isolation_fresh_user_vs_owner" time="0.231" /><testcase classname="tests.test_kalun_multitenant" name="test_client_cannot_supply_workspace_id" time="0.088" /><testcase classname="tests.test_kalun_multitenant" name="test_owner_and_member_share_workspace" time="0.279" /><testcase classname="tests.test_kalun_multitenant" name="test_invite_existing_user_auto_joins" time="0.086" /><testcase classname="tests.test_kalun_multitenant" name="test_invite_unregistered_email_creates_pending" time="0.227" /><testcase classname="tests.test_kalun_multitenant" name="test_member_forbidden_on_owner_actions[POST-/api/members/invite-body0]" time="0.049" /><testcase classname="tests.test_kalun_multitenant" name="test_member_forbidden_on_owner_actions[POST-/api/payments/checkout-body1]" time="0.052" /><testcase classname="tests.test_kalun_multitenant" name="test_member_forbidden_on_owner_actions[GET-/api/integrations/google/connect-None]" time="0.051" /><testcase classname="tests.test_kalun_multitenant" name="test_member_forbidden_on_owner_actions[POST-/api/briefing/generate-None]" time="0.052" /><testcase classname="tests.test_kalun_multitenant" name="test_member_forbidden_on_owner_actions[POST-/api/reports/weekly-pack-None]" time="0.052" /><testcase classname="tests.test_kalun_multitenant" name="test_member_forbidden_on_owner_actions[POST-/api/demo/reset-plan-None]" time="0.058" /><testcase classname="tests.test_kalun_multitenant" name="test_member_forbidden_on_decision_action" time="0.095" /><testcase classname="tests.test_kalun_multitenant" name="test_member_forbidden_integration_toggle" time="0.093" /><testcase classname="tests.test_kalun_multitenant" name="test_member_reads_ok[/api/company]" time="0.060" /><testcase classname="tests.test_kalun_multitenant" name="test_member_reads_ok[/api/briefing]" time="0.055" /><testcase classname="tests.test_kalun_multitenant" name="test_member_reads_ok[/api/decisions]" time="0.051" /><testcase classname="tests.test_kalun_multitenant" name="test_member_reads_ok[/api/telemetry]" time="0.052" /><testcase classname="tests.test_kalun_multitenant" name="test_member_reads_ok[/api/financials]" time="0.052" /><testcase classname="tests.test_kalun_multitenant" name="test_member_reads_ok[/api/tasks]" time="0.054" /><testcase classname="tests.test_kalun_multitenant" name="test_member_reads_ok[/api/reports]" time="0.053" /><testcase classname="tests.test_kalun_multitenant" name="test_member_reads_ok[/api/team]" time="0.058" /><testcase classname="tests.test_kalun_multitenant" name="test_member_reads_ok[/api/calendar]" time="0.058" /><testcase classname="tests.test_kalun_multitenant" name="test_member_reads_ok[/api/people]" time="0.060" /><testcase classname="tests.test_kalun_multitenant" name="test_member_reads_ok[/api/integrations]" time="0.054" /><testcase classname="tests.test_kalun_multitenant" name="test_member_reads_ok[/api/ask/history]" time="0.055" /><testcase classname="tests.test_kalun_multitenant" name="test_member_reads_ok[/api/billing/plans]" time="0.049" /><testcase classname="tests.test_kalun_multitenant" name="test_member_reads_ok[/api/members]" time="0.054" /><testcase classname="tests.test_kalun_multitenant" name="test_member_reads_ok[/api/workspaces]" time="0.053" /><testcase classname="tests.test_kalun_multitenant" name="test_member_can_move_task" time="0.149" /><testcase classname="tests.test_kalun_multitenant" name="test_member_can_ask" time="0.064" /><testcase classname="tests.test_kalun_multitenant" name="test_integrations_can_manage_flag" time="0.203" /><testcase classname="tests.test_kalun_multitenant" name="test_owner_cannot_change_own_role" time="0.081" /><testcase classname="tests.test_kalun_multitenant" name="test_owner_cannot_remove_self" time="0.123" /><testcase classname="tests.test_kalun_multitenant" name="test_owner_change_member_role_and_delete" time="0.258" /><testcase classname="tests.test_kalun_multitenant" name="test_workspace_list_and_create_and_switch" time="0.342" /><testcase classname="tests.test_kalun_multitenant" name="test_integrations_oauth_configured_false" time="0.042" /><testcase classname="tests.test_kalun_multitenant" name="test_google_connect_degrades_gracefully" time="0.083" /><testcase classname="tests.test_kalun_multitenant" name="test_quickbooks_connect_degrades_gracefully" time="0.050" /><testcase classname="tests.test_kalun_multitenant" name="test_free_plan_gates" time="0.216" /><testcase classname="tests.test_kalun_multitenant" name="test_pro_plan_enables_briefing_and_weekly" time="30.368" /><testcase classname="tests.test_kalun_multitenant" name="test_stripe_checkout_owner" time="0.649" /><testcase classname="tests.test_kalun_multitenant" name="test_ask_history_isolated_per_user" time="4.775" /></testsuite></testsuites>